#
# There is insufficient memory for the Java Runtime Environment to continue.
# Native memory allocation (mmap) failed to map 134217728 bytes for G1 virtual space
# Possible reasons:
#   The system is out of physical RAM or swap space
#   The process is running with CompressedOops enabled, and the Java Heap may be blocking the growth of the native heap
# Possible solutions:
#   Reduce memory load on the system
#   Increase physical memory or swap space
#   Check if swap backing store is full
#   Decrease Java heap size (-Xmx/-Xms)
#   Decrease number of Java threads
#   Decrease Java thread stack sizes (-Xss)
#   Set larger code cache with -XX:ReservedCodeCacheSize=
#   JVM is running with Unscaled Compressed Oops mode in which the Java heap is
#     placed in the first 4GB address space. The Java Heap base address is the
#     maximum limit for the native heap growth. Please use -XX:HeapBaseMinAddress
#     to set the Java Heap base and to place the Java Heap above 4GB virtual address.
# This output file may be truncated or incomplete.
#
#  Out of Memory Error (./open/src/hotspot/os/windows/os_windows.cpp:3472), pid=21780, tid=16224
#
# JRE version:  (15.0.1+9) (build )
# Java VM: OpenJDK 64-Bit Server VM (15.0.1+9-18, mixed mode, sharing, tiered, compressed oops, g1 gc, windows-amd64)
# No core dump will be written. Minidumps are not enabled by default on client versions of Windows
#

---------------  S U M M A R Y ------------

Command Line: -XX:TieredStopAtLevel=1 com.julieandco.bcwebapplication.BookcrossingApplication

Host: Intel(R) Core(TM) i5-8250U CPU @ 1.60GHz, 8 cores, 7G,  Windows 10 , 64 bit Build 18362 (10.0.18362.1110)
Time: Sat Dec  5 18:35:14 2020 FLE Standard Time elapsed time: 0.010841 seconds (0d 0h 0m 0s)

---------------  T H R E A D  ---------------

Current thread (0x0000013f943ee890):  JavaThread "Unknown thread" [_thread_in_vm, id=16224, stack(0x000000037c700000,0x000000037c800000)]

Stack: [0x000000037c700000,0x000000037c800000]
Native frames: (J=compiled Java code, j=interpreted, Vv=VM code, C=native code)
V  [jvm.dll+0x62ae9a]
V  [jvm.dll+0x781389]
V  [jvm.dll+0x782ae3]
V  [jvm.dll+0x783143]
V  [jvm.dll+0x216265]
V  [jvm.dll+0x6281d9]
V  [jvm.dll+0x61cd15]
V  [jvm.dll+0x2d01fd]
V  [jvm.dll+0x2d0062]
V  [jvm.dll+0x2d603c]
V  [jvm.dll+0x325b2a]
V  [jvm.dll+0x3251f4]
V  [jvm.dll+0x2a717a]
V  [jvm.dll+0x2a8318]
V  [jvm.dll+0x75e101]
V  [jvm.dll+0x3343e4]
V  [jvm.dll+0x73e826]
V  [jvm.dll+0x3b7777]
V  [jvm.dll+0x3b9201]
C  [jli.dll+0x52fb]
C  [ucrtbase.dll+0x210b2]
C  [KERNEL32.DLL+0x17c24]
C  [ntdll.dll+0x6d4d1]


---------------  P R O C E S S  ---------------

Threads class SMR info:
_java_thread_list=0x00007ffe2b384ff0, length=0, elements={
}

Java Threads: ( => current thread )

Other Threads:
  0x0000013f9442e810 GCTaskThread "GC Thread#0" [stack: 0x000000037c800000,0x000000037c900000] [id=8976]
  0x0000013f944426a0 ConcurrentGCThread "G1 Main Marker" [stack: 0x000000037c900000,0x000000037ca00000] [id=16444]
  0x0000013f944431a0 ConcurrentGCThread "G1 Conc#0" [stack: 0x000000037ca00000,0x000000037cb00000] [id=3540]

[error occurred during error reporting (printing all threads), id 0xc0000005, EXCEPTION_ACCESS_VIOLATION (0xc0000005) at pc=0x00007ffe2ab78047]

VM state: not at safepoint (not fully initialized)

VM Mutex/Monitor currently owned by a thread:  ([mutex/lock_event])
[0x0000013f943ec600] Heap_lock - owner thread: 0x0000013f943ee890

Heap address: 0x0000000081800000, size: 2024 MB, Compressed Oops mode: 32-bit
CDS archive(s) mapped at: [0x0000000000000000-0x0000000000000000-0x0000000000000000), size 0, SharedBaseAddress: 0x0000000800000000, ArchiveRelocationMode: 0.
Narrow klass base: 0x0000000000000000, Narrow klass shift: 0, Narrow klass range: 0x0

Heap:
 garbage-first heap   total 131072K, used 0K [0x0000000081800000, 0x0000000100000000)
  region size 1024K, 0 young (0K), 0 survivors (0K)
 Metaspace       used 0K, capacity 0K, committed 0K, reserved 0K
  class space    used 0K, capacity 0K, committed 0K, reserved 0K

Heap Regions: E=young(eden), S=young(survivor), O=old, HS=humongous(starts), HC=humongous(continues), CS=collection set, F=free, OA=open archive, CA=closed archive, TAMS=top-at-mark-start (previous, next)

Card table byte_map: [0x0000013fabd40000,0x0000013fac140000] _byte_map_base: 0x0000013fab934000

Marking Bits (Prev, Next): (CMBitMap*) 0x0000013f94430fb0, (CMBitMap*) 0x0000013f94430ff0
 Prev Bits: [0x0000013fac540000, 0x0000013fae4e0000)
 Next Bits: [0x0000013fae4e0000, 0x0000013fb0480000)

GC Heap History (0 events):
No events

Deoptimization events (0 events):
No events

Classes unloaded (0 events):
No events

Classes redefined (0 events):
No events

Internal exceptions (0 events):
No events

Events (1 events):
Event: 0.006 Loaded shared library C:\Users\julia\.jdks\openjdk-15.0.1\bin\java.dll


Dynamic libraries:
0x00007ff773e70000 - 0x00007ff773e7d000 	C:\Users\julia\.jdks\openjdk-15.0.1\bin\java.exe
0x00007ffe8e200000 - 0x00007ffe8e3f0000 	C:\WINDOWS\SYSTEM32\ntdll.dll
0x00007ffe8d490000 - 0x00007ffe8d542000 	C:\WINDOWS\System32\KERNEL32.DLL
0x00007ffe8bc60000 - 0x00007ffe8bf05000 	C:\WINDOWS\System32\KERNELBASE.dll
0x00007ffe8b1a0000 - 0x00007ffe8b29a000 	C:\WINDOWS\System32\ucrtbase.dll
0x00007ffe7d710000 - 0x00007ffe7d728000 	C:\Users\julia\.jdks\openjdk-15.0.1\bin\jli.dll
0x00007ffe7d6f0000 - 0x00007ffe7d709000 	C:\Users\julia\.jdks\openjdk-15.0.1\bin\VCRUNTIME140.dll
0x00007ffe8d570000 - 0x00007ffe8d704000 	C:\WINDOWS\System32\USER32.dll
0x00007ffe8bf10000 - 0x00007ffe8bf31000 	C:\WINDOWS\System32\win32u.dll
0x00007ffe73480000 - 0x00007ffe73704000 	C:\WINDOWS\WinSxS\amd64_microsoft.windows.common-controls_6595b64144ccf1df_6.0.18362.1198_none_9e820b57e45ad92f\COMCTL32.dll
0x00007ffe8c460000 - 0x00007ffe8c486000 	C:\WINDOWS\System32\GDI32.dll
0x00007ffe8c360000 - 0x00007ffe8c3fe000 	C:\WINDOWS\System32\msvcrt.dll
0x00007ffe8c090000 - 0x00007ffe8c226000 	C:\WINDOWS\System32\gdi32full.dll
0x00007ffe8d710000 - 0x00007ffe8da45000 	C:\WINDOWS\System32\combase.dll
0x00007ffe8b3b0000 - 0x00007ffe8b44e000 	C:\WINDOWS\System32\msvcp_win.dll
0x00007ffe8df30000 - 0x00007ffe8e050000 	C:\WINDOWS\System32\RPCRT4.dll
0x00007ffe8b450000 - 0x00007ffe8b4d0000 	C:\WINDOWS\System32\bcryptPrimitives.dll
0x00007ffe8c2b0000 - 0x00007ffe8c2de000 	C:\WINDOWS\System32\IMM32.DLL
0x00007ffe7d930000 - 0x00007ffe7d93c000 	C:\Users\julia\.jdks\openjdk-15.0.1\bin\vcruntime140_1.dll
0x00007ffe66290000 - 0x00007ffe66321000 	C:\Users\julia\.jdks\openjdk-15.0.1\bin\msvcp140.dll
0x00007ffe2a8c0000 - 0x00007ffe2b41e000 	C:\Users\julia\.jdks\openjdk-15.0.1\bin\server\jvm.dll
0x00007ffe8cd90000 - 0x00007ffe8ce33000 	C:\WINDOWS\System32\ADVAPI32.dll
0x00007ffe8e120000 - 0x00007ffe8e1b7000 	C:\WINDOWS\System32\sechost.dll
0x00007ffe8df20000 - 0x00007ffe8df28000 	C:\WINDOWS\System32\PSAPI.DLL
0x00007ffe74250000 - 0x00007ffe74259000 	C:\WINDOWS\SYSTEM32\WSOCK32.dll
0x00007ffe81920000 - 0x00007ffe8192a000 	C:\WINDOWS\SYSTEM32\VERSION.dll
0x00007ffe87a10000 - 0x00007ffe87a34000 	C:\WINDOWS\SYSTEM32\WINMM.dll
0x00007ffe8ce40000 - 0x00007ffe8ceaf000 	C:\WINDOWS\System32\WS2_32.dll
0x00007ffe879e0000 - 0x00007ffe87a0d000 	C:\WINDOWS\SYSTEM32\winmmbase.dll
0x00007ffe8c260000 - 0x00007ffe8c2aa000 	C:\WINDOWS\System32\cfgmgr32.dll
0x00007ffe8b0c0000 - 0x00007ffe8b0d1000 	C:\WINDOWS\System32\kernel.appcore.dll
0x00007ffe7d840000 - 0x00007ffe7d84a000 	C:\Users\julia\.jdks\openjdk-15.0.1\bin\jimage.dll
0x00007ffe7e540000 - 0x00007ffe7e734000 	C:\WINDOWS\SYSTEM32\DBGHELP.DLL
0x00007ffe7a160000 - 0x00007ffe7a18a000 	C:\WINDOWS\SYSTEM32\dbgcore.DLL
0x00007ffe7d5a0000 - 0x00007ffe7d5c5000 	C:\Users\julia\.jdks\openjdk-15.0.1\bin\java.dll

dbghelp: loaded successfully - version: 4.0.5 - missing functions: none
symbol engine: initialized successfully - sym options: 0x614 - pdb path: .;C:\Users\julia\.jdks\openjdk-15.0.1\bin;C:\WINDOWS\SYSTEM32;C:\WINDOWS\WinSxS\amd64_microsoft.windows.common-controls_6595b64144ccf1df_6.0.18362.1198_none_9e820b57e45ad92f;C:\Users\julia\.jdks\openjdk-15.0.1\bin\server

VM Arguments:
jvm_args: -XX:TieredStopAtLevel=1 
java_command: com.julieandco.bcwebapplication.BookcrossingApplication
java_class_path (initial): D:\3\database_kurs\bcwebapplication\target\classes;C:\Users\julia\.m2\repository\org\springframework\boot\spring-boot-starter-thymeleaf\2.3.4.RELEASE\spring-boot-starter-thymeleaf-2.3.4.RELEASE.jar;C:\Users\julia\.m2\repository\org\springframework\boot\spring-boot-starter\2.3.4.RELEASE\spring-boot-starter-2.3.4.RELEASE.jar;C:\Users\julia\.m2\repository\org\springframework\boot\spring-boot\2.3.4.RELEASE\spring-boot-2.3.4.RELEASE.jar;C:\Users\julia\.m2\repository\org\springframework\boot\spring-boot-autoconfigure\2.3.4.RELEASE\spring-boot-autoconfigure-2.3.4.RELEASE.jar;C:\Users\julia\.m2\repository\org\springframework\boot\spring-boot-starter-logging\2.3.4.RELEASE\spring-boot-starter-logging-2.3.4.RELEASE.jar;C:\Users\julia\.m2\repository\ch\qos\logback\logback-classic\1.2.3\logback-classic-1.2.3.jar;C:\Users\julia\.m2\repository\ch\qos\logback\logback-core\1.2.3\logback-core-1.2.3.jar;C:\Users\julia\.m2\repository\org\apache\logging\log4j\log4j-to-slf4j\2.13.3\log4j-to-slf4j-2.13.3.jar;C:\Users\julia\.m2\repository\org\apache\logging\log4j\log4j-api\2.13.3\log4j-api-2.13.3.jar;C:\Users\julia\.m2\repository\org\slf4j\jul-to-slf4j\1.7.30\jul-to-slf4j-1.7.30.jar;C:\Users\julia\.m2\repository\jakarta\annotation\jakarta.annotation-api\1.3.5\jakarta.annotation-api-1.3.5.jar;C:\Users\julia\.m2\repository\org\yaml\snakeyaml\1.26\snakeyaml-1.26.jar;C:\Users\julia\.m2\repository\org\thymeleaf\thymeleaf-spring5\3.0.11.RELEASE\thymeleaf-spring5-3.0.11.RELEASE.jar;C:\Users\julia\.m2\repository\org\thymeleaf\thymeleaf\3.0.11.RELEASE\thymeleaf-3.0.11.RELEASE.jar;C:\Users\julia\.m2\repository\org\attoparser\attoparser\2.0.5.RELEASE\attoparser-2.0.5.RELEASE.jar;C:\Users\julia\.m2\repository\org\unbescape\unbescape\1.1.6.RELEASE\unbescape-1.1.6.RELEASE.jar;C:\Users\julia\.m2\repository\org\slf4j\slf4j-api\1.7.30\slf4j-api-1.7.30.jar;C:\Users\julia\.m2\repository\org\thymeleaf\extras\thymeleaf-extras-java8time\3.0.4.RELEASE\thymeleaf-extras-java8time-3.0.4
Launcher Type: SUN_STANDARD

[Global flags]
     intx CICompilerCount                          = 4                                         {product} {ergonomic}
     uint ConcGCThreads                            = 2                                         {product} {ergonomic}
     uint G1ConcRefinementThreads                  = 8                                         {product} {ergonomic}
   size_t G1HeapRegionSize                         = 1048576                                   {product} {ergonomic}
    uintx GCDrainStackTargetSize                   = 64                                        {product} {ergonomic}
   size_t InitialHeapSize                          = 134217728                                 {product} {ergonomic}
   size_t MarkStackSize                            = 4194304                                   {product} {ergonomic}
   size_t MaxHeapSize                              = 2122317824                                {product} {ergonomic}
   size_t MinHeapDeltaBytes                        = 1048576                                   {product} {ergonomic}
   size_t MinHeapSize                              = 8388608                                   {product} {ergonomic}
    uintx NonNMethodCodeHeapSize                   = 7549744                                {pd product} {ergonomic}
    uintx NonProfiledCodeHeapSize                  = 244108496                              {pd product} {ergonomic}
    uintx ProfiledCodeHeapSize                     = 0                                      {pd product} {ergonomic}
    uintx ReservedCodeCacheSize                    = 251658240                              {pd product} {ergonomic}
     bool SegmentedCodeCache                       = true                                      {product} {ergonomic}
   size_t SoftMaxHeapSize                          = 2122317824                             {manageable} {ergonomic}
     intx TieredStopAtLevel                        = 1                                         {product} {command line}
     bool UseCompressedClassPointers               = true                                 {lp64_product} {ergonomic}
     bool UseCompressedOops                        = true                                 {lp64_product} {ergonomic}
     bool UseG1GC                                  = true                                      {product} {ergonomic}
     bool UseLargePagesIndividualAllocation        = false                                  {pd product} {ergonomic}

Logging:
Log output configuration:
 #0: stdout all=warning uptime,level,tags
 #1: stderr all=off uptime,level,tags

Environment Variables:
PATH=C:\WINDOWS\system32;C:\WINDOWS;C:\WINDOWS\System32\Wbem;C:\WINDOWS\System32\WindowsPowerShell\v1.0\;C:\WINDOWS\System32\OpenSSH\;C:\Program Files\Git\cmd;C:\Program Files\dotnet\;C:\Program Files\Microsoft SQL Server\130\Tools\Binn\;C:\Program Files\Kubernetes\Minikube;;C:\Program Files\Docker\Docker\resources\bin;C:\ProgramData\DockerDesktop\version-bin;C:\Users\julia\kub;C:\Users\julia\AppData\Local\Microsoft\WindowsApps;C:\Users\julia\.dotnet\tools;C:\Program Files\Kubernetes\Minikube;
USERNAME=julia
OS=Windows_NT
PROCESSOR_IDENTIFIER=Intel64 Family 6 Model 142 Stepping 10, GenuineIntel



---------------  S Y S T E M  ---------------

OS:
 Windows 10 , 64 bit Build 18362 (10.0.18362.1110)
OS uptime: 3 days 6:06 hours
HyperV virtualization detected

CPU: total 8 (initial active 8) (4 cores per cpu, 2 threads per core) family 6 model 142 stepping 10 microcode 0xc6, cmov, cx8, fxsr, mmx, sse, sse2, sse3, ssse3, sse4.1, sse4.2, popcnt, vzeroupper, avx, avx2, aes, clmul, erms, 3dnowpref, lzcnt, ht, tsc, tscinvbit, bmi1, bmi2, adx, fma, clflush, clflushopt

Memory: 4k page, system-wide physical 8088M (588M free)
TotalPageFile size 20805M (AvailPageFile size 58M)
current process WorkingSet (physical memory assigned to process): 10M, peak: 10M
current process commit charge ("private bytes"): 58M, peak: 185M

vm_info: OpenJDK 64-Bit Server VM (15.0.1+9-18) for windows-amd64 JRE (15.0.1+9-18), built on Sep 15 2020 14:39:31 by "mach5one" with unknown MS VC++:1925

END.
